<?xml version="1.0" encoding="UTF-8"?>
<!-- Generated by org.testng.reporters.JUnitReportReporter -->
<testsuite hostname="BIRENDRA-PC" name="testScript.Test1" tests="3" failures="0" timestamp="14 May 2016 22:09:40 GMT" time="0.016" errors="0">
  <testcase name="TestB" time="0.002" classname="testScript.Test1"/>
  <testcase name="TestA" time="0.012" classname="testScript.Test1"/>
  <testcase name="TestC" time="0.002" classname="testScript.Test1"/>
</testsuite> <!-- testScript.Test1 -->
