<?xml version="1.0" encoding="UTF-8"?>
<!-- Generated by org.testng.reporters.JUnitReportReporter -->
<testsuite hostname="BIRENDRA-PC" name="testScript.Test2" tests="3" failures="0" timestamp="15 May 2016 02:23:31 GMT" time="0.079" errors="0">
  <testcase name="TestZ" time="0.003" classname="testScript.Test2"/>
  <testcase name="TestX" time="0.073" classname="testScript.Test2"/>
  <testcase name="TestY" time="0.003" classname="testScript.Test2"/>
</testsuite> <!-- testScript.Test2 -->
